<?xml version="1.0" encoding="UTF-8"?>
<!-- Generated by org.testng.reporters.JUnitReportReporter -->
<testsuite hostname="Aaditya-Laptop" failures="0" tests="2" name="rahulshettyacademy.Tests.ErrorValidationsTest" time="22.957" errors="0" timestamp="2025-06-14T17:14:00 IST" skipped="0">
  <testcase classname="rahulshettyacademy.Tests.ErrorValidationsTest" name="productErrorValiationr" time="17.455"/>
  <testcase classname="rahulshettyacademy.Tests.ErrorValidationsTest" name="loginErrorValidation" time="5.502"/>
</testsuite> <!-- rahulshettyacademy.Tests.ErrorValidationsTest -->
