<?xml version="1.0" encoding="UTF-8"?>
<!-- Generated by org.testng.reporters.JUnitReportReporter -->
<testsuite hostname="Aaditya-Laptop" failures="0" tests="1" name="rahulshettyacademy.Tests.ErrorValidations" time="4.886" errors="0" timestamp="2025-05-23T00:10:11 IST" skipped="0">
  <testcase classname="rahulshettyacademy.Tests.ErrorValidations" name="submitOrder" time="4.886"/>
</testsuite> <!-- rahulshettyacademy.Tests.ErrorValidations -->
