<?xml version="1.0" encoding="UTF-8"?>
<!-- Generated by org.testng.reporters.JUnitReportReporter -->
<testsuite hostname="Aaditya-Laptop" failures="0" tests="3" name="rahulshettyacademy.Tests.SubmitOrderTest" time="59.206" errors="0" timestamp="2025-06-14T17:14:00 IST" skipped="0">
  <testcase classname="rahulshettyacademy.Tests.SubmitOrderTest" name="submitOrder" time="22.251"/>
  <testcase classname="rahulshettyacademy.Tests.SubmitOrderTest" name="submitOrder" time="22.835"/>
  <testcase classname="rahulshettyacademy.Tests.SubmitOrderTest" name="OrderHistoryPage" time="14.120"/>
</testsuite> <!-- rahulshettyacademy.Tests.SubmitOrderTest -->
